<?xml version="1.0" encoding="UTF-8"?>
<!-- Generated by org.testng.reporters.JUnitXMLReporter -->
<testsuite hostname="DESKTOP-J80IKB4" name="Default test" tests="5" failures="0" timestamp="29 Mar 2021 03:01:59 GMT" time="42.365" errors="0">
  <testcase name="BasePageNavigation" time="13.591" classname="com.hepsiburada.case1.tests.Case1_Test"/>
  <testcase name="gotoLoginPage" time="2.7" classname="com.hepsiburada.case1.tests.Case1_Test"/>
  <testcase name="enterLoginInfo_gotoHomePage" time="5.317" classname="com.hepsiburada.case1.tests.Case1_Test"/>
  <testcase name="verifyLogin" time="6.345" classname="com.hepsiburada.case1.tests.Case1_Test"/>
  <testcase name="searchProduct" time="14.361" classname="com.hepsiburada.case1.tests.Case1_Test"/>
</testsuite> <!-- Default test -->
